{"D:\\009_Projects_AI\\Personal_Projects\\Shorty.ai\\src\\storage\\index.ts": {"path":"D:\\009_Projects_AI\\Personal_Projects\\Shorty.ai\\src\\storage\\index.ts","statementMap":{"0":{"start":{"line":1,"column":0},"end":{"line":1,"column":69}},"1":{"start":{"line":2,"column":0},"end":{"line":2,"column":97}},"2":{"start":{"line":3,"column":0},"end":{"line":3,"column":42}},"3":{"start":{"line":7,"column":4},"end":{"line":7,"column":19}},"4":{"start":{"line":6,"column":38},"end":{"line":6,"column":51}},"5":{"start":{"line":8,"column":4},"end":{"line":8,"column":31}},"6":{"start":{"line":5,"column":0},"end":{"line":5,"column":13}},"7":{"start":{"line":13,"column":2},"end":{"line":18,"column":3}},"8":{"start":{"line":14,"column":20},"end":{"line":14,"column":78}},"9":{"start":{"line":15,"column":4},"end":{"line":15,"column":41}},"10":{"start":{"line":17,"column":4},"end":{"line":17,"column":77}},"11":{"start":{"line":12,"column":0},"end":{"line":12,"column":7}},"12":{"start":{"line":22,"column":2},"end":{"line":30,"column":3}},"13":{"start":{"line":23,"column":22},"end":{"line":23,"column":42}},"14":{"start":{"line":24,"column":20},"end":{"line":24,"column":51}},"15":{"start":{"line":25,"column":24},"end":{"line":25,"column":60}},"16":{"start":{"line":27,"column":4},"end":{"line":27,"column":71}},"17":{"start":{"line":29,"column":4},"end":{"line":29,"column":94}},"18":{"start":{"line":21,"column":0},"end":{"line":21,"column":7}},"19":{"start":{"line":34,"column":2},"end":{"line":49,"column":3}},"20":{"start":{"line":35,"column":22},"end":{"line":35,"column":42}},"21":{"start":{"line":36,"column":23},"end":{"line":36,"column":60}},"22":{"start":{"line":38,"column":4},"end":{"line":40,"column":5}},"23":{"start":{"line":39,"column":6},"end":{"line":39,"column":64}},"24":{"start":{"line":42,"column":25},"end":{"line":42,"column":69}},"25":{"start":{"line":44,"column":4},"end":{"line":44,"column":31}},"26":{"start":{"line":45,"column":4},"end":{"line":45,"column":46}},"27":{"start":{"line":46,"column":4},"end":{"line":46,"column":45}},"28":{"start":{"line":48,"column":4},"end":{"line":48,"column":97}},"29":{"start":{"line":33,"column":0},"end":{"line":33,"column":7}},"30":{"start":{"line":53,"column":31},"end":{"line":53,"column":81}},"31":{"start":{"line":53,"column":54},"end":{"line":53,"column":80}},"32":{"start":{"line":55,"column":2},"end":{"line":57,"column":3}},"33":{"start":{"line":56,"column":4},"end":{"line":56,"column":11}},"34":{"start":{"line":59,"column":2},"end":{"line":59,"column":61}},"35":{"start":{"line":59,"column":38},"end":{"line":59,"column":59}},"36":{"start":{"line":61,"column":2},"end":{"line":81,"column":3}},"37":{"start":{"line":62,"column":28},"end":{"line":62,"column":42}},"38":{"start":{"line":64,"column":4},"end":{"line":80,"column":5}},"39":{"start":{"line":65,"column":6},"end":{"line":65,"column":43}},"40":{"start":{"line":67,"column":6},"end":{"line":70,"column":9}},"41":{"start":{"line":72,"column":6},"end":{"line":72,"column":92}},"42":{"start":{"line":73,"column":6},"end":{"line":73,"column":41}},"43":{"start":{"line":75,"column":6},"end":{"line":75,"column":47}},"44":{"start":{"line":76,"column":6},"end":{"line":79,"column":8}},"45":{"start":{"line":52,"column":0},"end":{"line":52,"column":7}},"46":{"start":{"line":85,"column":2},"end":{"line":102,"column":3}},"47":{"start":{"line":86,"column":28},"end":{"line":86,"column":54}},"48":{"start":{"line":88,"column":4},"end":{"line":99,"column":5}},"49":{"start":{"line":89,"column":6},"end":{"line":96,"column":9}},"50":{"start":{"line":97,"column":11},"end":{"line":99,"column":5}},"51":{"start":{"line":98,"column":6},"end":{"line":98,"column":43}},"52":{"start":{"line":101,"column":4},"end":{"line":101,"column":75}},"53":{"start":{"line":84,"column":0},"end":{"line":84,"column":7}},"54":{"start":{"line":106,"column":54},"end":{"line":113,"column":4}},"55":{"start":{"line":114,"column":2},"end":{"line":114,"column":21}},"56":{"start":{"line":120,"column":2},"end":{"line":133,"column":3}},"57":{"start":{"line":121,"column":23},"end":{"line":121,"column":41}},"58":{"start":{"line":122,"column":18},"end":{"line":122,"column":56}},"59":{"start":{"line":124,"column":4},"end":{"line":124,"column":36}},"60":{"start":{"line":124,"column":24},"end":{"line":124,"column":36}},"61":{"start":{"line":126,"column":4},"end":{"line":128,"column":5}},"62":{"start":{"line":127,"column":6},"end":{"line":127,"column":47}},"63":{"start":{"line":130,"column":4},"end":{"line":130,"column":49}},"64":{"start":{"line":132,"column":4},"end":{"line":132,"column":81}},"65":{"start":{"line":117,"column":0},"end":{"line":117,"column":7}},"66":{"start":{"line":140,"column":2},"end":{"line":147,"column":3}},"67":{"start":{"line":141,"column":23},"end":{"line":141,"column":41}},"68":{"start":{"line":142,"column":23},"end":{"line":142,"column":88}},"69":{"start":{"line":144,"column":4},"end":{"line":144,"column":55}},"70":{"start":{"line":146,"column":4},"end":{"line":146,"column":81}},"71":{"start":{"line":136,"column":0},"end":{"line":136,"column":7}},"72":{"start":{"line":151,"column":2},"end":{"line":155,"column":3}},"73":{"start":{"line":152,"column":4},"end":{"line":152,"column":31}},"74":{"start":{"line":154,"column":4},"end":{"line":154,"column":70}},"75":{"start":{"line":150,"column":0},"end":{"line":150,"column":7}},"76":{"start":{"line":158,"column":0},"end":{"line":158,"column":25}}},"fnMap":{"0":{"name":"(anonymous_5)","decl":{"start":{"line":6,"column":2},"end":{"line":6,"column":14}},"loc":{"start":{"line":6,"column":51},"end":{"line":9,"column":3}}},"1":{"name":"checkSchemaVersion","decl":{"start":{"line":12,"column":22},"end":{"line":12,"column":40}},"loc":{"start":{"line":12,"column":40},"end":{"line":19,"column":1}}},"2":{"name":"backupStorage","decl":{"start":{"line":21,"column":22},"end":{"line":21,"column":35}},"loc":{"start":{"line":21,"column":51},"end":{"line":31,"column":1}}},"3":{"name":"rollbackMigration","decl":{"start":{"line":33,"column":22},"end":{"line":33,"column":39}},"loc":{"start":{"line":33,"column":55},"end":{"line":50,"column":1}}},"4":{"name":"runMigrations","decl":{"start":{"line":52,"column":22},"end":{"line":52,"column":35}},"loc":{"start":{"line":52,"column":58},"end":{"line":82,"column":1}}},"5":{"name":"(anonymous_10)","decl":{"start":{"line":53,"column":49},"end":{"line":53,"column":50}},"loc":{"start":{"line":53,"column":54},"end":{"line":53,"column":80}}},"6":{"name":"(anonymous_11)","decl":{"start":{"line":59,"column":28},"end":{"line":59,"column":29}},"loc":{"start":{"line":59,"column":38},"end":{"line":59,"column":59}}},"7":{"name":"initializeStorage","decl":{"start":{"line":84,"column":22},"end":{"line":84,"column":39}},"loc":{"start":{"line":84,"column":39},"end":{"line":103,"column":1}}},"8":{"name":"getStorageKey","decl":{"start":{"line":105,"column":9},"end":{"line":105,"column":22}},"loc":{"start":{"line":105,"column":47},"end":{"line":115,"column":1}}},"9":{"name":"getStorageItem","decl":{"start":{"line":117,"column":22},"end":{"line":117,"column":36}},"loc":{"start":{"line":118,"column":8},"end":{"line":134,"column":1}}},"10":{"name":"setStorageItem","decl":{"start":{"line":136,"column":22},"end":{"line":136,"column":36}},"loc":{"start":{"line":138,"column":25},"end":{"line":148,"column":1}}},"11":{"name":"clearStorage","decl":{"start":{"line":150,"column":22},"end":{"line":150,"column":34}},"loc":{"start":{"line":150,"column":34},"end":{"line":156,"column":1}}}},"branchMap":{"0":{"loc":{"start":{"line":15,"column":11},"end":{"line":15,"column":40}},"type":"cond-expr","locations":[{"start":{"line":15,"column":21},"end":{"line":15,"column":36}},{"start":{"line":15,"column":39},"end":{"line":15,"column":40}}]},"1":{"loc":{"start":{"line":38,"column":4},"end":{"line":40,"column":5}},"type":"if","locations":[{"start":{"line":38,"column":4},"end":{"line":40,"column":5}}]},"2":{"loc":{"start":{"line":55,"column":2},"end":{"line":57,"column":3}},"type":"if","locations":[{"start":{"line":55,"column":2},"end":{"line":57,"column":3}}]},"3":{"loc":{"start":{"line":88,"column":4},"end":{"line":99,"column":5}},"type":"if","locations":[{"start":{"line":88,"column":4},"end":{"line":99,"column":5}},{"start":{"line":97,"column":11},"end":{"line":99,"column":5}}]},"4":{"loc":{"start":{"line":97,"column":11},"end":{"line":99,"column":5}},"type":"if","locations":[{"start":{"line":97,"column":11},"end":{"line":99,"column":5}}]},"5":{"loc":{"start":{"line":124,"column":4},"end":{"line":124,"column":36}},"type":"if","locations":[{"start":{"line":124,"column":4},"end":{"line":124,"column":36}}]},"6":{"loc":{"start":{"line":126,"column":4},"end":{"line":128,"column":5}},"type":"if","locations":[{"start":{"line":126,"column":4},"end":{"line":128,"column":5}}]},"7":{"loc":{"start":{"line":142,"column":23},"end":{"line":142,"column":88}},"type":"cond-expr","locations":[{"start":{"line":142,"column":51},"end":{"line":142,"column":64}},{"start":{"line":142,"column":67},"end":{"line":142,"column":88}}]}},"s":{"0":1,"1":1,"2":1,"3":7,"4":7,"5":7,"6":1,"7":4,"8":4,"9":2,"10":2,"11":1,"12":0,"13":0,"14":0,"15":0,"16":0,"17":0,"18":1,"19":0,"20":0,"21":0,"22":0,"23":0,"24":0,"25":0,"26":0,"27":0,"28":0,"29":1,"30":0,"31":0,"32":0,"33":0,"34":0,"35":0,"36":0,"37":0,"38":0,"39":0,"40":0,"41":0,"42":0,"43":0,"44":0,"45":1,"46":4,"47":4,"48":2,"49":1,"50":1,"51":0,"52":2,"53":1,"54":7,"55":7,"56":4,"57":4,"58":4,"59":3,"60":1,"61":2,"62":1,"63":1,"64":1,"65":1,"66":3,"67":3,"68":3,"69":3,"70":1,"71":1,"72":2,"73":2,"74":1,"75":1,"76":1},"f":{"0":7,"1":4,"2":0,"3":0,"4":0,"5":0,"6":0,"7":4,"8":7,"9":4,"10":3,"11":2},"b":{"0":[1,1],"1":[0],"2":[0],"3":[1,1],"4":[0],"5":[1],"6":[1],"7":[1,2]}}
,"D:\\009_Projects_AI\\Personal_Projects\\Shorty.ai\\src\\storage\\migrations.ts": {"path":"D:\\009_Projects_AI\\Personal_Projects\\Shorty.ai\\src\\storage\\migrations.ts","statementMap":{"0":{"start":{"line":14,"column":31},"end":{"line":28,"column":2}},"1":{"start":{"line":17,"column":21},"end":{"line":17,"column":54}},"2":{"start":{"line":19,"column":4},"end":{"line":26,"column":5}},"3":{"start":{"line":20,"column":30},"end":{"line":23,"column":9}},"4":{"start":{"line":20,"column":66},"end":{"line":23,"column":8}},"5":{"start":{"line":25,"column":6},"end":{"line":25,"column":57}},"6":{"start":{"line":30,"column":13},"end":{"line":30,"column":53}}},"fnMap":{"0":{"name":"(anonymous_0)","decl":{"start":{"line":16,"column":6},"end":{"line":16,"column":11}},"loc":{"start":{"line":16,"column":42},"end":{"line":27,"column":3}}},"1":{"name":"(anonymous_1)","decl":{"start":{"line":20,"column":43},"end":{"line":20,"column":44}},"loc":{"start":{"line":20,"column":66},"end":{"line":23,"column":8}}}},"branchMap":{"0":{"loc":{"start":{"line":19,"column":4},"end":{"line":26,"column":5}},"type":"if","locations":[{"start":{"line":19,"column":4},"end":{"line":26,"column":5}}]},"1":{"loc":{"start":{"line":19,"column":8},"end":{"line":19,"column":43}},"type":"binary-expr","locations":[{"start":{"line":19,"column":8},"end":{"line":19,"column":16}},{"start":{"line":19,"column":20},"end":{"line":19,"column":43}}]},"2":{"loc":{"start":{"line":22,"column":19},"end":{"line":22,"column":45}},"type":"binary-expr","locations":[{"start":{"line":22,"column":19},"end":{"line":22,"column":36}},{"start":{"line":22,"column":40},"end":{"line":22,"column":45}}]}},"s":{"0":2,"1":5,"2":5,"3":3,"4":4,"5":3,"6":2},"f":{"0":5,"1":4},"b":{"0":[3],"1":[5,4],"2":[4,2]}}
,"D:\\009_Projects_AI\\Personal_Projects\\Shorty.ai\\src\\storage\\schema.ts": {"path":"D:\\009_Projects_AI\\Personal_Projects\\Shorty.ai\\src\\storage\\schema.ts","statementMap":{"0":{"start":{"line":3,"column":13},"end":{"line":3,"column":35}},"1":{"start":{"line":14,"column":13},"end":{"line":21,"column":11}},"2":{"start":{"line":23,"column":13},"end":{"line":30,"column":2}}},"fnMap":{},"branchMap":{},"s":{"0":1,"1":1,"2":1},"f":{},"b":{}}
}
