{"D:\\009_Projects_AI\\Personal_Projects\\Shorty.ai\\App.tsx": {"path":"D:\\009_Projects_AI\\Personal_Projects\\Shorty.ai\\App.tsx","statementMap":{"0":{"start":{"line":8,"column":44},"end":{"line":8,"column":59}},"1":{"start":{"line":10,"column":2},"end":{"line":22,"column":9}},"2":{"start":{"line":12,"column":6},"end":{"line":18,"column":7}},"3":{"start":{"line":13,"column":8},"end":{"line":13,"column":33}},"4":{"start":{"line":14,"column":8},"end":{"line":14,"column":31}},"5":{"start":{"line":16,"column":8},"end":{"line":16,"column":59}},"6":{"start":{"line":17,"column":8},"end":{"line":17,"column":31}},"7":{"start":{"line":21,"column":4},"end":{"line":21,"column":17}},"8":{"start":{"line":24,"column":2},"end":{"line":30,"column":3}},"9":{"start":{"line":25,"column":4},"end":{"line":29,"column":6}},"10":{"start":{"line":32,"column":2},"end":{"line":37,"column":4}},"11":{"start":{"line":40,"column":15},"end":{"line":47,"column":2}}},"fnMap":{"0":{"name":"App","decl":{"start":{"line":7,"column":24},"end":{"line":7,"column":27}},"loc":{"start":{"line":7,"column":30},"end":{"line":38,"column":1}},"line":7},"1":{"name":"(anonymous_1)","decl":{"start":{"line":10,"column":12},"end":{"line":10,"column":13}},"loc":{"start":{"line":10,"column":18},"end":{"line":22,"column":3}},"line":10},"2":{"name":"initialize","decl":{"start":{"line":11,"column":19},"end":{"line":11,"column":29}},"loc":{"start":{"line":11,"column":32},"end":{"line":19,"column":5}},"line":11}},"branchMap":{"0":{"loc":{"start":{"line":24,"column":2},"end":{"line":30,"column":3}},"type":"if","locations":[{"start":{"line":24,"column":2},"end":{"line":30,"column":3}},{"start":{},"end":{}}],"line":24}},"s":{"0":7,"1":6,"2":3,"3":3,"4":2,"5":1,"6":1,"7":3,"8":6,"9":3,"10":3,"11":1},"f":{"0":7,"1":3,"2":3},"b":{"0":[3,3]},"_coverageSchema":"1a1c01bbd47fc00a2c39e90264f33305004495a9","hash":"9bd7c1c250aa5d653374fc6e63bb3013466017c2"}
,"D:\\009_Projects_AI\\Personal_Projects\\Shorty.ai\\src\\navigation\\RootNavigator.tsx": {"path":"D:\\009_Projects_AI\\Personal_Projects\\Shorty.ai\\src\\navigation\\RootNavigator.tsx","statementMap":{"0":{"start":{"line":26,"column":18},"end":{"line":26,"column":60}},"1":{"start":{"line":27,"column":24},"end":{"line":27,"column":72}},"2":{"start":{"line":28,"column":17},"end":{"line":28,"column":62}},"3":{"start":{"line":31,"column":2},"end":{"line":36,"column":4}},"4":{"start":{"line":40,"column":2},"end":{"line":53,"column":4}},"5":{"start":{"line":57,"column":42},"end":{"line":57,"column":90}},"6":{"start":{"line":58,"column":32},"end":{"line":58,"column":47}},"7":{"start":{"line":60,"column":2},"end":{"line":73,"column":9}},"8":{"start":{"line":62,"column":6},"end":{"line":69,"column":7}},"9":{"start":{"line":63,"column":22},"end":{"line":63,"column":45}},"10":{"start":{"line":64,"column":8},"end":{"line":64,"column":31}},"11":{"start":{"line":66,"column":8},"end":{"line":66,"column":67}},"12":{"start":{"line":68,"column":8},"end":{"line":68,"column":25}},"13":{"start":{"line":72,"column":4},"end":{"line":72,"column":28}},"14":{"start":{"line":75,"column":2},"end":{"line":77,"column":3}},"15":{"start":{"line":76,"column":4},"end":{"line":76,"column":16}},"16":{"start":{"line":79,"column":2},"end":{"line":89,"column":4}},"17":{"start":{"line":93,"column":2},"end":{"line":104,"column":3}},"18":{"start":{"line":94,"column":28},"end":{"line":94,"column":69}},"19":{"start":{"line":96,"column":4},"end":{"line":101,"column":5}},"20":{"start":{"line":97,"column":22},"end":{"line":97,"column":49}},"21":{"start":{"line":98,"column":6},"end":{"line":100,"column":7}},"22":{"start":{"line":99,"column":8},"end":{"line":99,"column":22}},"23":{"start":{"line":103,"column":4},"end":{"line":103,"column":57}},"24":{"start":{"line":105,"column":2},"end":{"line":105,"column":22}}},"fnMap":{"0":{"name":"OnboardingNavigator","decl":{"start":{"line":30,"column":9},"end":{"line":30,"column":28}},"loc":{"start":{"line":30,"column":31},"end":{"line":37,"column":1}},"line":30},"1":{"name":"MainNavigator","decl":{"start":{"line":39,"column":9},"end":{"line":39,"column":22}},"loc":{"start":{"line":39,"column":25},"end":{"line":54,"column":1}},"line":39},"2":{"name":"RootNavigator","decl":{"start":{"line":56,"column":16},"end":{"line":56,"column":29}},"loc":{"start":{"line":56,"column":32},"end":{"line":90,"column":1}},"line":56},"3":{"name":"(anonymous_3)","decl":{"start":{"line":60,"column":12},"end":{"line":60,"column":13}},"loc":{"start":{"line":60,"column":18},"end":{"line":73,"column":3}},"line":60},"4":{"name":"checkOnboardingStatus","decl":{"start":{"line":61,"column":19},"end":{"line":61,"column":40}},"loc":{"start":{"line":61,"column":43},"end":{"line":70,"column":5}},"line":61},"5":{"name":"getInitialRoute","decl":{"start":{"line":92,"column":22},"end":{"line":92,"column":37}},"loc":{"start":{"line":92,"column":75},"end":{"line":106,"column":1}},"line":92}},"branchMap":{"0":{"loc":{"start":{"line":75,"column":2},"end":{"line":77,"column":3}},"type":"if","locations":[{"start":{"line":75,"column":2},"end":{"line":77,"column":3}},{"start":{},"end":{}}],"line":75},"1":{"loc":{"start":{"line":96,"column":4},"end":{"line":101,"column":5}},"type":"if","locations":[{"start":{"line":96,"column":4},"end":{"line":101,"column":5}},{"start":{},"end":{}}],"line":96},"2":{"loc":{"start":{"line":98,"column":6},"end":{"line":100,"column":7}},"type":"if","locations":[{"start":{"line":98,"column":6},"end":{"line":100,"column":7}},{"start":{},"end":{}}],"line":98}},"s":{"0":2,"1":2,"2":2,"3":0,"4":0,"5":3,"6":2,"7":2,"8":1,"9":1,"10":1,"11":0,"12":1,"13":1,"14":2,"15":1,"16":1,"17":13,"18":13,"19":11,"20":8,"21":6,"22":2,"23":4,"24":11},"f":{"0":0,"1":0,"2":3,"3":1,"4":1,"5":13},"b":{"0":[1,1],"1":[8,3],"2":[2,4]},"_coverageSchema":"1a1c01bbd47fc00a2c39e90264f33305004495a9","hash":"3bfeed9dc82e41dc0191230dfad0b6f249c4ef39"}
,"D:\\009_Projects_AI\\Personal_Projects\\Shorty.ai\\src\\storage\\schema.ts": {"path":"D:\\009_Projects_AI\\Personal_Projects\\Shorty.ai\\src\\storage\\schema.ts","statementMap":{"0":{"start":{"line":3,"column":30},"end":{"line":3,"column":31}},"1":{"start":{"line":53,"column":2},"end":{"line":75,"column":3}},"2":{"start":{"line":54,"column":27},"end":{"line":54,"column":72}},"3":{"start":{"line":56,"column":4},"end":{"line":58,"column":5}},"4":{"start":{"line":57,"column":6},"end":{"line":57,"column":13}},"5":{"start":{"line":60,"column":4},"end":{"line":71,"column":7}},"6":{"start":{"line":73,"column":4},"end":{"line":73,"column":70}},"7":{"start":{"line":74,"column":4},"end":{"line":74,"column":16}},"8":{"start":{"line":82,"column":2},"end":{"line":82,"column":81}},"9":{"start":{"line":86,"column":18},"end":{"line":86,"column":63}},"10":{"start":{"line":87,"column":2},"end":{"line":87,"column":45}},"11":{"start":{"line":91,"column":15},"end":{"line":91,"column":46}},"12":{"start":{"line":92,"column":2},"end":{"line":92,"column":39}}},"fnMap":{"0":{"name":"initializeSchema","decl":{"start":{"line":52,"column":22},"end":{"line":52,"column":38}},"loc":{"start":{"line":52,"column":56},"end":{"line":76,"column":1}},"line":52},"1":{"name":"migrateSchema","decl":{"start":{"line":78,"column":22},"end":{"line":78,"column":35}},"loc":{"start":{"line":81,"column":17},"end":{"line":83,"column":1}},"line":81},"2":{"name":"getSchemaVersion","decl":{"start":{"line":85,"column":22},"end":{"line":85,"column":38}},"loc":{"start":{"line":85,"column":58},"end":{"line":88,"column":1}},"line":85},"3":{"name":"clearAllData","decl":{"start":{"line":90,"column":22},"end":{"line":90,"column":34}},"loc":{"start":{"line":90,"column":52},"end":{"line":93,"column":1}},"line":90}},"branchMap":{"0":{"loc":{"start":{"line":56,"column":4},"end":{"line":58,"column":5}},"type":"if","locations":[{"start":{"line":56,"column":4},"end":{"line":58,"column":5}},{"start":{},"end":{}}],"line":56},"1":{"loc":{"start":{"line":87,"column":9},"end":{"line":87,"column":44}},"type":"cond-expr","locations":[{"start":{"line":87,"column":19},"end":{"line":87,"column":40}},{"start":{"line":87,"column":43},"end":{"line":87,"column":44}}],"line":87}},"s":{"0":2,"1":8,"2":8,"3":8,"4":1,"5":7,"6":1,"7":1,"8":1,"9":2,"10":2,"11":1,"12":1},"f":{"0":8,"1":1,"2":2,"3":1},"b":{"0":[1,7],"1":[1,1]},"_coverageSchema":"1a1c01bbd47fc00a2c39e90264f33305004495a9","hash":"436821d6b33c9095853bc49a7afbd4a344ae28b3"}
}
