TN:
SF:src\storage\index.ts
FN:6,(anonymous_5)
FN:12,checkSchemaVersion
FN:21,backupStorage
FN:33,rollbackMigration
FN:52,runMigrations
FN:53,(anonymous_10)
FN:59,(anonymous_11)
FN:84,initializeStorage
FN:105,getStorageKey
FN:117,getStorageItem
FN:136,setStorageItem
FN:150,clearStorage
FNF:12
FNH:7
FNDA:7,(anonymous_5)
FNDA:4,checkSchemaVersion
FNDA:0,backupStorage
FNDA:0,rollbackMigration
FNDA:0,runMigrations
FNDA:0,(anonymous_10)
FNDA:0,(anonymous_11)
FNDA:4,initializeStorage
FNDA:7,getStorageKey
FNDA:4,getStorageItem
FNDA:3,setStorageItem
FNDA:2,clearStorage
DA:1,1
DA:2,1
DA:3,1
DA:5,1
DA:6,7
DA:7,7
DA:8,7
DA:12,1
DA:13,4
DA:14,4
DA:15,2
DA:17,2
DA:21,1
DA:22,0
DA:23,0
DA:24,0
DA:25,0
DA:27,0
DA:29,0
DA:33,1
DA:34,0
DA:35,0
DA:36,0
DA:38,0
DA:39,0
DA:42,0
DA:44,0
DA:45,0
DA:46,0
DA:48,0
DA:52,1
DA:53,0
DA:55,0
DA:56,0
DA:59,0
DA:61,0
DA:62,0
DA:64,0
DA:65,0
DA:67,0
DA:72,0
DA:73,0
DA:75,0
DA:76,0
DA:84,1
DA:85,4
DA:86,4
DA:88,2
DA:89,1
DA:97,1
DA:98,0
DA:101,2
DA:106,7
DA:114,7
DA:117,1
DA:120,4
DA:121,4
DA:122,4
DA:124,3
DA:126,2
DA:127,1
DA:130,1
DA:132,1
DA:136,1
DA:140,3
DA:141,3
DA:142,3
DA:144,3
DA:146,1
DA:150,1
DA:151,2
DA:152,2
DA:154,1
DA:158,1
LF:74
LH:44
BRDA:15,0,0,1
BRDA:15,0,1,1
BRDA:38,1,0,0
BRDA:55,2,0,0
BRDA:88,3,0,1
BRDA:88,3,1,1
BRDA:97,4,0,0
BRDA:124,5,0,1
BRDA:126,6,0,1
BRDA:142,7,0,1
BRDA:142,7,1,2
BRF:11
BRH:8
end_of_record
TN:
SF:src\storage\migrations.ts
FN:16,(anonymous_0)
FN:20,(anonymous_1)
FNF:2
FNH:2
FNDA:5,(anonymous_0)
FNDA:4,(anonymous_1)
DA:14,2
DA:17,5
DA:19,5
DA:20,4
DA:25,3
DA:30,2
LF:6
LH:6
BRDA:19,0,0,3
BRDA:19,1,0,5
BRDA:19,1,1,4
BRDA:22,2,0,4
BRDA:22,2,1,2
BRF:5
BRH:5
end_of_record
TN:
SF:src\storage\schema.ts
FNF:0
FNH:0
DA:3,1
DA:14,1
DA:23,1
LF:3
LH:3
BRF:0
BRH:0
end_of_record
