TN:
SF:App.tsx
FN:7,App
FN:10,(anonymous_1)
FN:11,initialize
FNF:3
FNH:3
FNDA:7,App
FNDA:3,(anonymous_1)
FNDA:3,initialize
DA:8,7
DA:10,6
DA:12,3
DA:13,3
DA:14,2
DA:16,1
DA:17,1
DA:21,3
DA:24,6
DA:25,3
DA:32,3
DA:40,1
LF:12
LH:12
BRDA:24,0,0,3
BRDA:24,0,1,3
BRF:2
BRH:2
end_of_record
TN:
SF:src\navigation\RootNavigator.tsx
FN:30,OnboardingNavigator
FN:39,MainNavigator
FN:56,RootNavigator
FN:60,(anonymous_3)
FN:61,checkOnboardingStatus
FN:92,getInitialRoute
FNF:6
FNH:4
FNDA:0,OnboardingNavigator
FNDA:0,MainNavigator
FNDA:3,RootNavigator
FNDA:1,(anonymous_3)
FNDA:1,checkOnboardingStatus
FNDA:13,getInitialRoute
DA:26,2
DA:27,2
DA:28,2
DA:31,0
DA:40,0
DA:57,3
DA:58,2
DA:60,2
DA:62,1
DA:63,1
DA:64,1
DA:66,0
DA:68,1
DA:72,1
DA:75,2
DA:76,1
DA:79,1
DA:93,13
DA:94,13
DA:96,11
DA:97,8
DA:98,6
DA:99,2
DA:103,4
DA:105,11
LF:25
LH:22
BRDA:75,0,0,1
BRDA:75,0,1,1
BRDA:96,1,0,8
BRDA:96,1,1,3
BRDA:98,2,0,2
BRDA:98,2,1,4
BRF:6
BRH:6
end_of_record
TN:
SF:src\storage\schema.ts
FN:52,initializeSchema
FN:78,migrateSchema
FN:85,getSchemaVersion
FN:90,clearAllData
FNF:4
FNH:4
FNDA:8,initializeSchema
FNDA:1,migrateSchema
FNDA:2,getSchemaVersion
FNDA:1,clearAllData
DA:3,2
DA:53,8
DA:54,8
DA:56,8
DA:57,1
DA:60,7
DA:73,1
DA:74,1
DA:82,1
DA:86,2
DA:87,2
DA:91,1
DA:92,1
LF:13
LH:13
BRDA:56,0,0,1
BRDA:56,0,1,7
BRDA:87,1,0,1
BRDA:87,1,1,1
BRF:4
BRH:4
end_of_record
